2020-09-21T00:38:45.281050063+03:00 DEBUG bevy_app::app_builder - added plugin: bevy_type_registry::TypeRegistryPlugin
2020-09-21T00:38:45.281368891+03:00 DEBUG bevy_app::app_builder - added plugin: bevy_core::CorePlugin
2020-09-21T00:38:45.282032668+03:00 DEBUG bevy_app::app_builder - added plugin: bevy_transform::TransformPlugin
2020-09-21T00:38:45.282565821+03:00 DEBUG bevy_app::app_builder - added plugin: bevy_diagnostic::DiagnosticsPlugin
2020-09-21T00:38:45.282719654+03:00 DEBUG bevy_app::app_builder - added plugin: bevy_input::InputPlugin
2020-09-21T00:38:45.283434997+03:00 DEBUG bevy_app::app_builder - added plugin: bevy_window::WindowPlugin
2020-09-21T00:38:45.284130582+03:00 DEBUG bevy_app::app_builder - added plugin: bevy_asset::AssetPlugin
2020-09-21T00:38:45.284454916+03:00 DEBUG bevy_app::app_builder - added plugin: bevy_scene::ScenePlugin
2020-09-21T00:38:45.285209144+03:00 DEBUG bevy_app::app_builder - added plugin: bevy_render::RenderPlugin
2020-09-21T00:38:45.289348511+03:00 DEBUG bevy_app::app_builder - added plugin: bevy_sprite::SpritePlugin
2020-09-21T00:38:45.290692787+03:00 DEBUG bevy_app::app_builder - added plugin: bevy_pbr::PbrPlugin
2020-09-21T00:38:45.291796799+03:00 DEBUG bevy_app::app_builder - added plugin: bevy_ui::UiPlugin
2020-09-21T00:38:45.293631196+03:00 DEBUG bevy_app::app_builder - added plugin: bevy_text::TextPlugin
2020-09-21T00:38:45.294842842+03:00 DEBUG bevy_app::app_builder - added plugin: bevy_audio::AudioPlugin
2020-09-21T00:38:45.296316577+03:00 DEBUG bevy_app::app_builder - added plugin: bevy_gilrs::GilrsPlugin
2020-09-21T00:38:45.302610737+03:00 DEBUG gilrs::gamepad - Loaded 287 mappings.
2020-09-21T00:38:45.383206293+03:00 DEBUG bevy_app::app_builder - added plugin: bevy_gltf::GltfPlugin
2020-09-21T00:38:45.383504406+03:00 DEBUG bevy_app::app_builder - added plugin: bevy_winit::WinitPlugin
2020-09-21T00:38:45.383680255+03:00 DEBUG bevy_app::app_builder - added plugin: bevy_wgpu::WgpuPlugin
2020-09-21T00:38:45.407538206+03:00 INFO gfx_backend_vulkan - 
GENERAL [Loader Message (0)] : Inserted device layer VK_LAYER_KHRONOS_validation (libVkLayer_khronos_validation.so)
object info: (type: INSTANCE, hndl: 94847850036080)

2020-09-21T00:38:45.410709859+03:00 DEBUG bevy_app::app_builder - added plugin: quail_game::GamePlugin
2020-09-21T00:38:45.412467391+03:00 DEBUG quail_game - setup_ui
2020-09-21T00:38:45.491128597+03:00 INFO cart_tmp_winit::platform_impl::platform::x11::window - Guessed window scale factor: 1.6666666666666667
2020-09-21T00:38:45.491220885+03:00 DEBUG cart_tmp_winit::platform_impl::platform::x11::window - Calculated physical dimensions: 1280x720
2020-09-21T00:38:45.492268278+03:00 DEBUG bevy_winit - Entering winit event loop
2020-09-21T00:38:45.835172336+03:00 DEBUG naga::front::spv - 	Capability [2]
2020-09-21T00:38:45.835296885+03:00 DEBUG naga::front::spv - 	ExtInstImport [6]
2020-09-21T00:38:45.835447933+03:00 DEBUG naga::front::spv - 	MemoryModel [3]
2020-09-21T00:38:45.835562785+03:00 DEBUG naga::front::spv - 	EntryPoint [10]
2020-09-21T00:38:45.835723017+03:00 DEBUG naga::front::spv - 	Source [3]
2020-09-21T00:38:45.835842686+03:00 DEBUG naga::front::spv - 	Name [4]
2020-09-21T00:38:45.835993038+03:00 DEBUG naga::front::spv - 	Name [4]
2020-09-21T00:38:45.836114099+03:00 DEBUG naga::front::spv - 	Name [5]
2020-09-21T00:38:45.836213362+03:00 DEBUG naga::front::spv - 	Name [5]
2020-09-21T00:38:45.836316610+03:00 DEBUG naga::front::spv - 	Name [6]
2020-09-21T00:38:45.836439955+03:00 DEBUG naga::front::spv - 	Name [5]
2020-09-21T00:38:45.836540441+03:00 DEBUG naga::front::spv - 	MemberName [5]
2020-09-21T00:38:45.836655190+03:00 DEBUG naga::front::spv - 	Name [3]
2020-09-21T00:38:45.836747703+03:00 DEBUG naga::front::spv - 	Name [6]
2020-09-21T00:38:45.836870373+03:00 DEBUG naga::front::spv - 	MemberName [6]
2020-09-21T00:38:45.836967330+03:00 DEBUG naga::front::spv - 	MemberName [7]
2020-09-21T00:38:45.837080169+03:00 DEBUG naga::front::spv - 	MemberName [7]
2020-09-21T00:38:45.837189527+03:00 DEBUG naga::front::spv - 	MemberName [7]
2020-09-21T00:38:45.837304384+03:00 DEBUG naga::front::spv - 	Name [3]
2020-09-21T00:38:45.837441829+03:00 DEBUG naga::front::spv - 	Name [4]
2020-09-21T00:38:45.837562984+03:00 DEBUG naga::front::spv - 	MemberName [6]
2020-09-21T00:38:45.837684473+03:00 DEBUG naga::front::spv - 	Name [3]
2020-09-21T00:38:45.837798631+03:00 DEBUG naga::front::spv - 	Name [5]
2020-09-21T00:38:45.837914672+03:00 DEBUG naga::front::spv - 	MemberName [5]
2020-09-21T00:38:45.839499803+03:00 DEBUG naga::front::spv - 	Name [3]
2020-09-21T00:38:45.839649084+03:00 DEBUG naga::front::spv - 	Name [6]
2020-09-21T00:38:45.839762155+03:00 DEBUG naga::front::spv - 	Decorate [4]
2020-09-21T00:38:45.839864810+03:00 DEBUG naga::front::spv - 	Decorate [4]
2020-09-21T00:38:45.839947415+03:00 DEBUG naga::front::spv - 	Decorate [4]
2020-09-21T00:38:45.840029936+03:00 DEBUG naga::front::spv - 	MemberDecorate [5]
2020-09-21T00:38:45.840142254+03:00 DEBUG naga::front::spv - 	Decorate [3]
2020-09-21T00:38:45.840225603+03:00 DEBUG naga::front::spv - 	Decorate [4]
2020-09-21T00:38:45.840322929+03:00 DEBUG naga::front::spv - 	Decorate [4]
2020-09-21T00:38:45.840430988+03:00 DEBUG naga::front::spv - 	MemberDecorate [5]
2020-09-21T00:38:45.840525313+03:00 DEBUG naga::front::spv - 	MemberDecorate [5]
2020-09-21T00:38:45.840608251+03:00 DEBUG naga::front::spv - 	MemberDecorate [5]
2020-09-21T00:38:45.840701228+03:00 DEBUG naga::front::spv - 	MemberDecorate [5]
2020-09-21T00:38:45.842006286+03:00 DEBUG naga::front::spv - 	Capability [2]
2020-09-21T00:38:45.842102050+03:00 DEBUG naga::front::spv - 	ExtInstImport [6]
2020-09-21T00:38:45.842213678+03:00 DEBUG naga::front::spv - 	MemoryModel [3]
2020-09-21T00:38:45.842303093+03:00 DEBUG naga::front::spv - 	EntryPoint [7]
2020-09-21T00:38:45.842408141+03:00 DEBUG naga::front::spv - 	ExecutionMode [3]
2020-09-21T00:38:45.842478347+03:00 DEBUG naga::front::spv - 	Source [3]
2020-09-21T00:38:45.842547094+03:00 DEBUG naga::front::spv - 	Name [4]
2020-09-21T00:38:45.842656154+03:00 DEBUG naga::front::spv - 	Name [4]
2020-09-21T00:38:45.842742378+03:00 DEBUG naga::front::spv - 	Name [7]
2020-09-21T00:38:45.842838671+03:00 DEBUG naga::front::spv - 	MemberName [5]
2020-09-21T00:38:45.842932769+03:00 DEBUG naga::front::spv - 	Name [3]
2020-09-21T00:38:45.843033473+03:00 DEBUG naga::front::spv - 	Name [5]
2020-09-21T00:38:45.843126903+03:00 DEBUG naga::front::spv - 	Name [4]
2020-09-21T00:38:45.843218443+03:00 DEBUG naga::front::spv - 	MemberDecorate [5]
2020-09-21T00:38:45.843301018+03:00 DEBUG naga::front::spv - 	Decorate [3]
2020-09-21T00:38:45.843380451+03:00 DEBUG naga::front::spv - 	Decorate [4]
2020-09-21T00:38:45.843474750+03:00 DEBUG naga::front::spv - 	Decorate [4]
2020-09-21T00:38:45.843561103+03:00 DEBUG naga::front::spv - 	Decorate [4]
2020-09-21T00:38:45.843638855+03:00 DEBUG naga::front::spv - 	Decorate [4]
2020-09-21T00:38:45.843714964+03:00 DEBUG naga::front::spv - 	TypeVoid [2]
2020-09-21T00:38:45.843811397+03:00 DEBUG naga::front::spv - 	TypeFunction [3]
2020-09-21T00:38:45.843900907+03:00 DEBUG naga::front::spv - 	TypeFloat [3]
2020-09-21T00:38:45.844000852+03:00 DEBUG naga::front::spv - 	TypeVector [4]
2020-09-21T00:38:45.844083123+03:00 DEBUG naga::front::spv - 	TypePointer [4]
2020-09-21T00:38:45.844166032+03:00 DEBUG naga::front::spv - 	TypeStruct [3]
2020-09-21T00:38:45.844289223+03:00 DEBUG naga::front::spv - 	TypePointer [4]
2020-09-21T00:38:45.844385559+03:00 DEBUG naga::front::spv - 	Variable [4]
2020-09-21T00:38:45.844504710+03:00 DEBUG naga::front::spv - 	TypeInt [4]
2020-09-21T00:38:45.844595542+03:00 DEBUG naga::front::spv - 	Constant [4]
2020-09-21T00:38:45.844688567+03:00 DEBUG naga::front::spv - 	TypePointer [4]
2020-09-21T00:38:45.844778471+03:00 DEBUG naga::front::spv - 	TypePointer [4]
2020-09-21T00:38:45.844873767+03:00 DEBUG naga::front::spv - 	Variable [4]
2020-09-21T00:38:45.844962091+03:00 DEBUG naga::front::spv - 	TypeVector [4]
2020-09-21T00:38:45.845091193+03:00 DEBUG naga::front::spv - 	TypePointer [4]
2020-09-21T00:38:45.845176833+03:00 DEBUG naga::front::spv - 	Variable [4]
2020-09-21T00:38:45.845293641+03:00 DEBUG naga::front::spv - 	Function [5]
2020-09-21T00:38:45.845451514+03:00 DEBUG naga::front::spv - 		Label
2020-09-21T00:38:45.845555080+03:00 DEBUG naga::front::spv - 		Variable [4]
2020-09-21T00:38:45.845658799+03:00 DEBUG naga::front::spv - 		AccessChain [5]
2020-09-21T00:38:45.845747858+03:00 DEBUG naga::front::spv - 		Load [4]
2020-09-21T00:38:45.845833012+03:00 DEBUG naga::front::spv - 		Store [3]
2020-09-21T00:38:45.845912464+03:00 DEBUG naga::front::spv - 		Load [4]
2020-09-21T00:38:45.846006869+03:00 DEBUG naga::front::spv - 		Store [3]
2020-09-21T00:38:45.846094326+03:00 DEBUG naga::front::spv - 		Return [1]
2020-09-21T00:38:45.846188511+03:00 DEBUG naga::front::spv - 		FunctionEnd
2020-09-21T00:38:45.846976732+03:00 DEBUG gfx_backend_vulkan::device - create_graphics_pipeline GraphicsPipelineDesc { primitive_assembler: Vertex { buffers: [VertexBufferDesc { binding: 0, stride: 32, rate: Vertex }], attributes: [AttributeDesc { location: 0, binding: 0, element: Element { format: Rgb32Sfloat, offset: 0 } }, AttributeDesc { location: 1, binding: 0, element: Element { format: Rgb32Sfloat, offset: 12 } }, AttributeDesc { location: 2, binding: 0, element: Element { format: Rg32Sfloat, offset: 24 } }], input_assembler: InputAssemblerDesc { primitive: TriangleList, with_adjacency: false, restart_index: None }, vertex: EntryPoint { entry: "main", module: ShaderModule { raw: 0x1e000000001e }, specialization: Specialization { constants: [], data: [] } }, tessellation: None, geometry: None }, rasterizer: Rasterizer { polygon_mode: Fill, cull_face: NONE, front_face: CounterClockwise, depth_clamping: false, depth_bias: None, conservative: false, line_width: Static(1.0) }, fragment: Some(EntryPoint { entry: "main", module: ShaderModule { raw: 0x1f000000001f }, specialization: Specialization { constants: [], data: [] } }), blender: BlendDesc { logic_op: None, targets: [ColorBlendDesc { mask: RED | GREEN | BLUE | ALPHA | COLOR | ALL, blend: Some(BlendState { color: Add { src: SrcAlpha, dst: OneMinusSrcAlpha }, alpha: Add { src: One, dst: One } }) }] }, depth_stencil: DepthStencilDesc { depth: Some(DepthTest { fun: LessEqual, write: true }), depth_bounds: false, stencil: None }, multisampling: None, baked_states: BakedStates { viewport: None, scissor: None, blend_color: None, depth_bounds: None }, layout: PipelineLayout { raw: 0x1d000000001d }, subpass: Subpass { index: 0, main_pass: RenderPass { raw: 0x200000000020, clear_attachments_mask: 0 } }, flags: (empty), parent: None }
2020-09-21T00:38:45.883168107+03:00 ERROR gfx_backend_vulkan - 
VALIDATION [VUID-VkSwapchainCreateInfoKHR-imageExtent-01274 (2094043421)] : Validation Error: [ VUID-VkSwapchainCreateInfoKHR-imageExtent-01274 ] Object 0: handle = 0x56437cb64260, type = VK_OBJECT_TYPE_DEVICE; | MessageID = 0x7cd0911d | vkCreateSwapchainKHR() called with imageExtent = (1280,720), which is outside the bounds returned by vkGetPhysicalDeviceSurfaceCapabilitiesKHR(): currentExtent = (909,994), minImageExtent = (909,994), maxImageExtent = (909,994). The Vulkan spec states: imageExtent must be between minImageExtent and maxImageExtent, inclusive, where minImageExtent and maxImageExtent are members of the VkSurfaceCapabilitiesKHR structure returned by vkGetPhysicalDeviceSurfaceCapabilitiesKHR for the surface (https://www.khronos.org/registry/vulkan/specs/1.2-extensions/html/vkspec.html#VUID-VkSwapchainCreateInfoKHR-imageExtent-01274)
object info: (type: DEVICE, hndl: 94847855116896)

2020-09-21T00:38:45.961584387+03:00 DEBUG quail_game - window resized; width=909, height=994
